{"C:\\school 2020-2021\\Testen\\HypotheekApp\\app.js": {"path":"C:\\school 2020-2021\\Testen\\HypotheekApp\\app.js","statementMap":{"0":{"start":{"line":1,"column":17},"end":{"line":4,"column":2}},"1":{"start":{"line":6,"column":31},"end":{"line":8,"column":1}},"2":{"start":{"line":7,"column":2},"end":{"line":7,"column":48}},"3":{"start":{"line":10,"column":30},"end":{"line":38,"column":1}},"4":{"start":{"line":11,"column":21},"end":{"line":11,"column":22}},"5":{"start":{"line":13,"column":2},"end":{"line":17,"column":3}},"6":{"start":{"line":14,"column":4},"end":{"line":14,"column":47}},"7":{"start":{"line":16,"column":4},"end":{"line":16,"column":40}},"8":{"start":{"line":19,"column":2},"end":{"line":35,"column":3}},"9":{"start":{"line":21,"column":6},"end":{"line":21,"column":27}},"10":{"start":{"line":22,"column":6},"end":{"line":22,"column":12}},"11":{"start":{"line":24,"column":6},"end":{"line":24,"column":27}},"12":{"start":{"line":25,"column":6},"end":{"line":25,"column":12}},"13":{"start":{"line":27,"column":6},"end":{"line":27,"column":28}},"14":{"start":{"line":28,"column":6},"end":{"line":28,"column":12}},"15":{"start":{"line":30,"column":6},"end":{"line":30,"column":28}},"16":{"start":{"line":31,"column":6},"end":{"line":31,"column":12}},"17":{"start":{"line":33,"column":6},"end":{"line":33,"column":27}},"18":{"start":{"line":34,"column":6},"end":{"line":34,"column":12}},"19":{"start":{"line":37,"column":2},"end":{"line":37,"column":34}},"20":{"start":{"line":40,"column":26},"end":{"line":42,"column":1}},"21":{"start":{"line":41,"column":2},"end":{"line":41,"column":58}},"22":{"start":{"line":44,"column":21},"end":{"line":61,"column":1}},"23":{"start":{"line":50,"column":24},"end":{"line":53,"column":3}},"24":{"start":{"line":54,"column":23},"end":{"line":58,"column":3}},"25":{"start":{"line":59,"column":2},"end":{"line":59,"column":34}},"26":{"start":{"line":60,"column":2},"end":{"line":60,"column":22}},"27":{"start":{"line":191,"column":0},"end":{"line":191,"column":22}},"28":{"start":{"line":193,"column":0},"end":{"line":198,"column":2}}},"fnMap":{"0":{"name":"(anonymous_0)","decl":{"start":{"line":6,"column":31},"end":{"line":6,"column":32}},"loc":{"start":{"line":6,"column":74},"end":{"line":8,"column":1}},"line":6},"1":{"name":"(anonymous_1)","decl":{"start":{"line":10,"column":30},"end":{"line":10,"column":31}},"loc":{"start":{"line":10,"column":74},"end":{"line":38,"column":1}},"line":10},"2":{"name":"(anonymous_2)","decl":{"start":{"line":40,"column":26},"end":{"line":40,"column":27}},"loc":{"start":{"line":40,"column":44},"end":{"line":42,"column":1}},"line":40},"3":{"name":"(anonymous_3)","decl":{"start":{"line":44,"column":21},"end":{"line":44,"column":22}},"loc":{"start":{"line":49,"column":5},"end":{"line":61,"column":1}},"line":49}},"branchMap":{"0":{"loc":{"start":{"line":13,"column":2},"end":{"line":17,"column":3}},"type":"if","locations":[{"start":{"line":13,"column":2},"end":{"line":17,"column":3}},{"start":{"line":15,"column":9},"end":{"line":17,"column":3}}],"line":13},"1":{"loc":{"start":{"line":19,"column":2},"end":{"line":35,"column":3}},"type":"switch","locations":[{"start":{"line":20,"column":4},"end":{"line":22,"column":12}},{"start":{"line":23,"column":4},"end":{"line":25,"column":12}},{"start":{"line":26,"column":4},"end":{"line":28,"column":12}},{"start":{"line":29,"column":4},"end":{"line":31,"column":12}},{"start":{"line":32,"column":4},"end":{"line":34,"column":12}}],"line":19}},"s":{"0":3,"1":3,"2":4,"3":3,"4":8,"5":8,"6":5,"7":3,"8":8,"9":1,"10":1,"11":1,"12":1,"13":2,"14":2,"15":2,"16":2,"17":2,"18":2,"19":8,"20":3,"21":3,"22":3,"23":3,"24":3,"25":3,"26":3,"27":3,"28":3},"f":{"0":4,"1":8,"2":3,"3":3},"b":{"0":[5,3],"1":[1,1,2,2,2]},"_coverageSchema":"1a1c01bbd47fc00a2c39e90264f33305004495a9","hash":"880e90871a889454f6070cb1fa2e8384943c83da"}
}
