TN:
SF:app.js
FN:6,(anonymous_0)
FN:10,(anonymous_1)
FN:40,(anonymous_2)
FN:44,(anonymous_3)
FNF:4
FNH:4
FNDA:4,(anonymous_0)
FNDA:8,(anonymous_1)
FNDA:3,(anonymous_2)
FNDA:3,(anonymous_3)
DA:1,3
DA:6,3
DA:7,4
DA:10,3
DA:11,8
DA:13,8
DA:14,5
DA:16,3
DA:19,8
DA:21,1
DA:22,1
DA:24,1
DA:25,1
DA:27,2
DA:28,2
DA:30,2
DA:31,2
DA:33,2
DA:34,2
DA:37,8
DA:40,3
DA:41,3
DA:44,3
DA:50,3
DA:54,3
DA:59,3
DA:60,3
DA:191,3
DA:193,3
LF:29
LH:29
BRDA:13,0,0,5
BRDA:13,0,1,3
BRDA:19,1,0,1
BRDA:19,1,1,1
BRDA:19,1,2,2
BRDA:19,1,3,2
BRDA:19,1,4,2
BRF:7
BRH:7
end_of_record
